[debug] [2021-02-03T11:16:57.497Z] ----------------------------------------------------------------------
[debug] [2021-02-03T11:16:57.499Z] Command:       /usr/local/bin/node /usr/local/bin/firebase login
[debug] [2021-02-03T11:16:57.499Z] CLI Version:   9.3.0
[debug] [2021-02-03T11:16:57.499Z] Platform:      darwin
[debug] [2021-02-03T11:16:57.499Z] Node Version:  v12.18.3
[debug] [2021-02-03T11:16:57.500Z] Time:          Wed Feb 03 2021 19:16:57 GMT+0800 (China Standard Time)
[debug] [2021-02-03T11:16:57.500Z] ----------------------------------------------------------------------
[debug] [2021-02-03T11:16:57.500Z] 
[debug] [2021-02-03T11:16:57.502Z] >>> [apiv2][query] GET https://firebase-public.firebaseio.com/cli.json [none]
[info] i  Firebase optionally collects CLI usage and error reporting information to help improve our products. Data is collected in accordance with Google's privacy policy (https://policies.google.com/privacy) and is not used to identify you.
 
[info] 
[info] Visit this URL on this device to log in:
[info] https://accounts.google.com/o/oauth2/auth?client_id=563584335869-fgrhgmd47bqnekij5i8b5pr03ho849e6.apps.googleusercontent.com&scope=email%20openid%20https%3A%2F%2Fwww.googleapis.com%2Fauth%2Fcloudplatformprojects.readonly%20https%3A%2F%2Fwww.googleapis.com%2Fauth%2Ffirebase%20https%3A%2F%2Fwww.googleapis.com%2Fauth%2Fcloud-platform&response_type=code&state=621222251&redirect_uri=http%3A%2F%2Flocalhost%3A9005
[info] 
[info] Waiting for authentication...
[debug] [2021-02-03T11:41:12.077Z] >>> HTTP REQUEST POST https://accounts.google.com/o/oauth2/token  
 {"code":"4/0AY0e-g78Uzp2PCUVBMUuQnvZANavDwwaWWdzuqG831yHnmaGp37-mD2pO_6L4X58R42emQ","client_id":"563584335869-fgrhgmd47bqnekij5i8b5pr03ho849e6.apps.googleusercontent.com","client_secret":"j9iVZfS8kkCEFUPaAeJV0sAi","redirect_uri":"http://localhost:9005","grant_type":"authorization_code"}
[debug] [2021-02-03T11:42:27.887Z] Token Fetch Error: FirebaseError: Server Error. connect ETIMEDOUT 216.58.199.109:443
    at Request._callback (/usr/local/lib/node_modules/firebase-tools/lib/api.js:32:31)
    at self.callback (/usr/local/lib/node_modules/firebase-tools/node_modules/_request@2.88.2@request/request.js:185:22)
    at Request.emit (events.js:315:20)
    at Request.EventEmitter.emit (domain.js:483:12)
    at Request.onRequestError (/usr/local/lib/node_modules/firebase-tools/node_modules/_request@2.88.2@request/request.js:877:8)
    at ClientRequest.emit (events.js:315:20)
    at ClientRequest.EventEmitter.emit (domain.js:483:12)
    at TLSSocket.socketErrorListener (_http_client.js:426:9)
    at TLSSocket.emit (events.js:315:20)
    at TLSSocket.EventEmitter.emit (domain.js:483:12)
    at emitErrorNT (internal/streams/destroy.js:92:8)
    at emitErrorAndCloseNT (internal/streams/destroy.js:60:3)
    at processTicksAndRejections (internal/process/task_queues.js:84:21)
